Theta/theta-start.sh sv-benchmarks/c/combinations/pals_lcr.3.1.ufo.UNBOUNDED.pals+Problem12_label04.c --disable-xcfa-serialization --disable-c-serialization --disable-arg-generation --backend PORTFOLIO --portfolio COMPLEX --loglevel INFO --property sv-benchmarks/c/properties/unreach-call.prp


--------------------------------------------------------------------------------


LD_LIBRARY_PATH=/home/runner/work/theta/theta/Theta/lib /usr/lib/jvm/java-17-openjdk-amd64/bin/java -Xss120m -Xmx14210m -jar /home/runner/work/theta/theta/Theta/theta.jar --disable-xcfa-serialization --disable-c-serialization --disable-arg-generation --backend PORTFOLIO --portfolio COMPLEX --loglevel INFO --property sv-benchmarks/c/properties/unreach-call.prp --input sv-benchmarks/c/combinations/pals_lcr.3.1.ufo.UNBOUNDED.pals+Problem12_label04.c --smt-home /home/runner/work/theta/theta/Theta/solvers
Registered Legacy-Z3 SolverManager
Registered Z3 SolverManager
Registered JavaSMT SolverManager
Registered SMT-LIB SolverManager
Parsing the input sv-benchmarks/c/combinations/pals_lcr.3.1.ufo.UNBOUNDED.pals+Problem12_label04.c as C
WARNING: signedness of the type char is implementation specific. Right now it is interpreted as a signed char.
WARNING: using int(1) as a string constant
WARNING: There are some used variables not present as declarations: [(var assume_abort_if_not::cond Int), (var node1::m1 Int), (var node2::m2 Int), (var node3::m3 Int), (var init::tmp Int), (var check::tmp Int), (var main1::c1 Int), (var main1::i2 Int), (var call___VERIFIER_nondet_uchar_ret2 Int), (var call___VERIFIER_nondet_char_ret3 Int), (var call___VERIFIER_nondet_char_ret4 Int), (var call___VERIFIER_nondet_char_ret5 Int), (var call___VERIFIER_nondet_bool_ret6 Int), (var call___VERIFIER_nondet_char_ret7 Int), (var call___VERIFIER_nondet_char_ret8 Int), (var call___VERIFIER_nondet_char_ret9 Int), (var call___VERIFIER_nondet_bool_ret10 Int), (var call___VERIFIER_nondet_char_ret11 Int), (var call___VERIFIER_nondet_char_ret12 Int), (var call___VERIFIER_nondet_char_ret13 Int), (var call___VERIFIER_nondet_bool_ret14 Int), (var call_init_ret15 Int), (var call_check_ret20 Int), (var init_ret Int), (var check_ret Int), (var assert::arg Int), (var calculate_output::input Int), (var calculate_output2::input Int), (var calculate_output3::input Int), (var calculate_output4::input Int), (var main2::while791::input Int), (var call___VERIFIER_nondet_int_ret89 Int), (var call___VERIFIER_nondet_int_ret91 Int)]
WARNING: There are some used variables not present as declarations: [(var call___assert_fail_ret0 Int), (var node1::m1 Int), (var node2::m2 Int), (var node3::m3 Int), (var init::tmp Int), (var check::tmp Int), (var main1::c1 Int), (var main1::i2 Int), (var call___VERIFIER_nondet_uchar_ret2 Int), (var call___VERIFIER_nondet_char_ret3 Int), (var call___VERIFIER_nondet_char_ret4 Int), (var call___VERIFIER_nondet_char_ret5 Int), (var call___VERIFIER_nondet_bool_ret6 Int), (var call___VERIFIER_nondet_char_ret7 Int), (var call___VERIFIER_nondet_char_ret8 Int), (var call___VERIFIER_nondet_char_ret9 Int), (var call___VERIFIER_nondet_bool_ret10 Int), (var call___VERIFIER_nondet_char_ret11 Int), (var call___VERIFIER_nondet_char_ret12 Int), (var call___VERIFIER_nondet_char_ret13 Int), (var call___VERIFIER_nondet_bool_ret14 Int), (var call_init_ret15 Int), (var call_check_ret20 Int), (var init_ret Int), (var check_ret Int), (var assert::arg Int), (var calculate_output::input Int), (var calculate_output2::input Int), (var calculate_output3::input Int), (var calculate_output4::input Int), (var main2::while791::input Int), (var call___VERIFIER_nondet_int_ret89 Int), (var call___VERIFIER_nondet_int_ret91 Int)]
WARNING: There are some used variables not present as declarations: [(var call___assert_fail_ret0 Int), (var assume_abort_if_not::cond Int), (var node2::m2 Int), (var node3::m3 Int), (var init::tmp Int), (var check::tmp Int), (var main1::c1 Int), (var main1::i2 Int), (var call___VERIFIER_nondet_uchar_ret2 Int), (var call___VERIFIER_nondet_char_ret3 Int), (var call___VERIFIER_nondet_char_ret4 Int), (var call___VERIFIER_nondet_char_ret5 Int), (var call___VERIFIER_nondet_bool_ret6 Int), (var call___VERIFIER_nondet_char_ret7 Int), (var call___VERIFIER_nondet_char_ret8 Int), (var call___VERIFIER_nondet_char_ret9 Int), (var call___VERIFIER_nondet_bool_ret10 Int), (var call___VERIFIER_nondet_char_ret11 Int), (var call___VERIFIER_nondet_char_ret12 Int), (var call___VERIFIER_nondet_char_ret13 Int), (var call___VERIFIER_nondet_bool_ret14 Int), (var call_init_ret15 Int), (var call_check_ret20 Int), (var init_ret Int), (var check_ret Int), (var assert::arg Int), (var calculate_output::input Int), (var calculate_output2::input Int), (var calculate_output3::input Int), (var calculate_output4::input Int), (var main2::while791::input Int), (var call___VERIFIER_nondet_int_ret89 Int), (var call___VERIFIER_nondet_int_ret91 Int)]
WARNING: There are some used variables not present as declarations: [(var call___assert_fail_ret0 Int), (var assume_abort_if_not::cond Int), (var node1::m1 Int), (var node3::m3 Int), (var init::tmp Int), (var check::tmp Int), (var main1::c1 Int), (var main1::i2 Int), (var call___VERIFIER_nondet_uchar_ret2 Int), (var call___VERIFIER_nondet_char_ret3 Int), (var call___VERIFIER_nondet_char_ret4 Int), (var call___VERIFIER_nondet_char_ret5 Int), (var call___VERIFIER_nondet_bool_ret6 Int), (var call___VERIFIER_nondet_char_ret7 Int), (var call___VERIFIER_nondet_char_ret8 Int), (var call___VERIFIER_nondet_char_ret9 Int), (var call___VERIFIER_nondet_bool_ret10 Int), (var call___VERIFIER_nondet_char_ret11 Int), (var call___VERIFIER_nondet_char_ret12 Int), (var call___VERIFIER_nondet_char_ret13 Int), (var call___VERIFIER_nondet_bool_ret14 Int), (var call_init_ret15 Int), (var call_check_ret20 Int), (var init_ret Int), (var check_ret Int), (var assert::arg Int), (var calculate_output::input Int), (var calculate_output2::input Int), (var calculate_output3::input Int), (var calculate_output4::input Int), (var main2::while791::input Int), (var call___VERIFIER_nondet_int_ret89 Int), (var call___VERIFIER_nondet_int_ret91 Int)]
WARNING: There are some used variables not present as declarations: [(var call___assert_fail_ret0 Int), (var assume_abort_if_not::cond Int), (var node1::m1 Int), (var node2::m2 Int), (var init::tmp Int), (var check::tmp Int), (var main1::c1 Int), (var main1::i2 Int), (var call___VERIFIER_nondet_uchar_ret2 Int), (var call___VERIFIER_nondet_char_ret3 Int), (var call___VERIFIER_nondet_char_ret4 Int), (var call___VERIFIER_nondet_char_ret5 Int), (var call___VERIFIER_nondet_bool_ret6 Int), (var call___VERIFIER_nondet_char_ret7 Int), (var call___VERIFIER_nondet_char_ret8 Int), (var call___VERIFIER_nondet_char_ret9 Int), (var call___VERIFIER_nondet_bool_ret10 Int), (var call___VERIFIER_nondet_char_ret11 Int), (var call___VERIFIER_nondet_char_ret12 Int), (var call___VERIFIER_nondet_char_ret13 Int), (var call___VERIFIER_nondet_bool_ret14 Int), (var call_init_ret15 Int), (var call_check_ret20 Int), (var init_ret Int), (var check_ret Int), (var assert::arg Int), (var calculate_output::input Int), (var calculate_output2::input Int), (var calculate_output3::input Int), (var calculate_output4::input Int), (var main2::while791::input Int), (var call___VERIFIER_nondet_int_ret89 Int), (var call___VERIFIER_nondet_int_ret91 Int)]
WARNING: There are some used variables not present as declarations: [(var call___assert_fail_ret0 Int), (var assume_abort_if_not::cond Int), (var node1::m1 Int), (var node2::m2 Int), (var node3::m3 Int), (var check::tmp Int), (var main1::c1 Int), (var main1::i2 Int), (var call___VERIFIER_nondet_uchar_ret2 Int), (var call___VERIFIER_nondet_char_ret3 Int), (var call___VERIFIER_nondet_char_ret4 Int), (var call___VERIFIER_nondet_char_ret5 Int), (var call___VERIFIER_nondet_bool_ret6 Int), (var call___VERIFIER_nondet_char_ret7 Int), (var call___VERIFIER_nondet_char_ret8 Int), (var call___VERIFIER_nondet_char_ret9 Int), (var call___VERIFIER_nondet_bool_ret10 Int), (var call___VERIFIER_nondet_char_ret11 Int), (var call___VERIFIER_nondet_char_ret12 Int), (var call___VERIFIER_nondet_char_ret13 Int), (var call___VERIFIER_nondet_bool_ret14 Int), (var call_init_ret15 Int), (var call_check_ret20 Int), (var check_ret Int), (var assert::arg Int), (var calculate_output::input Int), (var calculate_output2::input Int), (var calculate_output3::input Int), (var calculate_output4::input Int), (var main2::while791::input Int), (var call___VERIFIER_nondet_int_ret89 Int), (var call___VERIFIER_nondet_int_ret91 Int)]
WARNING: There are some used variables not present as declarations: [(var call___assert_fail_ret0 Int), (var assume_abort_if_not::cond Int), (var node1::m1 Int), (var node2::m2 Int), (var node3::m3 Int), (var init::tmp Int), (var main1::c1 Int), (var main1::i2 Int), (var call___VERIFIER_nondet_uchar_ret2 Int), (var call___VERIFIER_nondet_char_ret3 Int), (var call___VERIFIER_nondet_char_ret4 Int), (var call___VERIFIER_nondet_char_ret5 Int), (var call___VERIFIER_nondet_bool_ret6 Int), (var call___VERIFIER_nondet_char_ret7 Int), (var call___VERIFIER_nondet_char_ret8 Int), (var call___VERIFIER_nondet_char_ret9 Int), (var call___VERIFIER_nondet_bool_ret10 Int), (var call___VERIFIER_nondet_char_ret11 Int), (var call___VERIFIER_nondet_char_ret12 Int), (var call___VERIFIER_nondet_char_ret13 Int), (var call___VERIFIER_nondet_bool_ret14 Int), (var call_init_ret15 Int), (var call_check_ret20 Int), (var init_ret Int), (var assert::arg Int), (var calculate_output::input Int), (var calculate_output2::input Int), (var calculate_output3::input Int), (var calculate_output4::input Int), (var main2::while791::input Int), (var call___VERIFIER_nondet_int_ret89 Int), (var call___VERIFIER_nondet_int_ret91 Int)]
WARNING: There are some used variables not present as declarations: [(var call___assert_fail_ret0 Int), (var calculate_output::input Int), (var calculate_output2::input Int), (var calculate_output3::input Int), (var calculate_output4::input Int), (var main2::while791::input Int), (var call___VERIFIER_nondet_int_ret89 Int), (var call___VERIFIER_nondet_int_ret91 Int)]
WARNING: There are some used variables not present as declarations: [(var call___assert_fail_ret0 Int), (var assume_abort_if_not::cond Int), (var node1::m1 Int), (var node2::m2 Int), (var node3::m3 Int), (var init::tmp Int), (var check::tmp Int), (var init_ret Int), (var call_init_ret15 Int), (var main1::i2 Int), (var check_ret Int), (var call_check_ret20 Int), (var main1::c1 Int), (var calculate_output::input Int), (var calculate_output2::input Int), (var calculate_output3::input Int), (var calculate_output4::input Int), (var main2::while791::input Int), (var call___VERIFIER_nondet_int_ret89 Int), (var call___VERIFIER_nondet_int_ret91 Int), (var call___VERIFIER_nondet_uchar_ret2 Int), (var call___VERIFIER_nondet_char_ret3 Int), (var call___VERIFIER_nondet_char_ret4 Int), (var call___VERIFIER_nondet_char_ret5 Int), (var call___VERIFIER_nondet_bool_ret6 Int), (var call___VERIFIER_nondet_char_ret7 Int), (var call___VERIFIER_nondet_char_ret8 Int), (var call___VERIFIER_nondet_char_ret9 Int), (var call___VERIFIER_nondet_bool_ret10 Int), (var call___VERIFIER_nondet_char_ret11 Int), (var call___VERIFIER_nondet_char_ret12 Int), (var call___VERIFIER_nondet_char_ret13 Int), (var call___VERIFIER_nondet_bool_ret14 Int)]
WARNING: There are some used variables not present as declarations: [(var call___assert_fail_ret0 Int), (var assume_abort_if_not::cond Int), (var node1::m1 Int), (var node2::m2 Int), (var node3::m3 Int), (var init::tmp Int), (var check::tmp Int), (var assert::arg Int), (var init_ret Int), (var call_init_ret15 Int), (var main1::i2 Int), (var check_ret Int), (var call_check_ret20 Int), (var main1::c1 Int), (var main2::while791::input Int), (var call___VERIFIER_nondet_int_ret89 Int), (var call___VERIFIER_nondet_int_ret91 Int), (var call___VERIFIER_nondet_uchar_ret2 Int), (var call___VERIFIER_nondet_char_ret3 Int), (var call___VERIFIER_nondet_char_ret4 Int), (var call___VERIFIER_nondet_char_ret5 Int), (var call___VERIFIER_nondet_bool_ret6 Int), (var call___VERIFIER_nondet_char_ret7 Int), (var call___VERIFIER_nondet_char_ret8 Int), (var call___VERIFIER_nondet_char_ret9 Int), (var call___VERIFIER_nondet_bool_ret10 Int), (var call___VERIFIER_nondet_char_ret11 Int), (var call___VERIFIER_nondet_char_ret12 Int), (var call___VERIFIER_nondet_char_ret13 Int), (var call___VERIFIER_nondet_bool_ret14 Int)]
WARNING: There are some used variables not present as declarations: [(var call___assert_fail_ret0 Int), (var assume_abort_if_not::cond Int), (var node1::m1 Int), (var node2::m2 Int), (var node3::m3 Int), (var init::tmp Int), (var check::tmp Int), (var assert::arg Int), (var init_ret Int), (var call_init_ret15 Int), (var main1::i2 Int), (var check_ret Int), (var call_check_ret20 Int), (var main1::c1 Int), (var calculate_output::input Int), (var main2::while791::input Int), (var call___VERIFIER_nondet_int_ret89 Int), (var call___VERIFIER_nondet_int_ret91 Int), (var call___VERIFIER_nondet_uchar_ret2 Int), (var call___VERIFIER_nondet_char_ret3 Int), (var call___VERIFIER_nondet_char_ret4 Int), (var call___VERIFIER_nondet_char_ret5 Int), (var call___VERIFIER_nondet_bool_ret6 Int), (var call___VERIFIER_nondet_char_ret7 Int), (var call___VERIFIER_nondet_char_ret8 Int), (var call___VERIFIER_nondet_char_ret9 Int), (var call___VERIFIER_nondet_bool_ret10 Int), (var call___VERIFIER_nondet_char_ret11 Int), (var call___VERIFIER_nondet_char_ret12 Int), (var call___VERIFIER_nondet_char_ret13 Int), (var call___VERIFIER_nondet_bool_ret14 Int)]
WARNING: There are some used variables not present as declarations: [(var call___assert_fail_ret0 Int), (var assume_abort_if_not::cond Int), (var node1::m1 Int), (var node2::m2 Int), (var node3::m3 Int), (var init::tmp Int), (var check::tmp Int), (var assert::arg Int), (var init_ret Int), (var call_init_ret15 Int), (var main1::i2 Int), (var check_ret Int), (var call_check_ret20 Int), (var main1::c1 Int), (var calculate_output::input Int), (var calculate_output2::input Int), (var main2::while791::input Int), (var call___VERIFIER_nondet_int_ret89 Int), (var call___VERIFIER_nondet_int_ret91 Int), (var call___VERIFIER_nondet_uchar_ret2 Int), (var call___VERIFIER_nondet_char_ret3 Int), (var call___VERIFIER_nondet_char_ret4 Int), (var call___VERIFIER_nondet_char_ret5 Int), (var call___VERIFIER_nondet_bool_ret6 Int), (var call___VERIFIER_nondet_char_ret7 Int), (var call___VERIFIER_nondet_char_ret8 Int), (var call___VERIFIER_nondet_char_ret9 Int), (var call___VERIFIER_nondet_bool_ret10 Int), (var call___VERIFIER_nondet_char_ret11 Int), (var call___VERIFIER_nondet_char_ret12 Int), (var call___VERIFIER_nondet_char_ret13 Int), (var call___VERIFIER_nondet_bool_ret14 Int)]
WARNING: There are some used variables not present as declarations: [(var call___assert_fail_ret0 Int), (var assume_abort_if_not::cond Int), (var node1::m1 Int), (var node2::m2 Int), (var node3::m3 Int), (var init::tmp Int), (var check::tmp Int), (var assert::arg Int), (var init_ret Int), (var call_init_ret15 Int), (var main1::i2 Int), (var check_ret Int), (var call_check_ret20 Int), (var main1::c1 Int), (var calculate_output::input Int), (var calculate_output2::input Int), (var calculate_output3::input Int), (var main2::while791::input Int), (var call___VERIFIER_nondet_int_ret89 Int), (var call___VERIFIER_nondet_int_ret91 Int), (var call___VERIFIER_nondet_uchar_ret2 Int), (var call___VERIFIER_nondet_char_ret3 Int), (var call___VERIFIER_nondet_char_ret4 Int), (var call___VERIFIER_nondet_char_ret5 Int), (var call___VERIFIER_nondet_bool_ret6 Int), (var call___VERIFIER_nondet_char_ret7 Int), (var call___VERIFIER_nondet_char_ret8 Int), (var call___VERIFIER_nondet_char_ret9 Int), (var call___VERIFIER_nondet_bool_ret10 Int), (var call___VERIFIER_nondet_char_ret11 Int), (var call___VERIFIER_nondet_char_ret12 Int), (var call___VERIFIER_nondet_char_ret13 Int), (var call___VERIFIER_nondet_bool_ret14 Int)]
WARNING: There are some used variables not present as declarations: [(var call___assert_fail_ret0 Int), (var assume_abort_if_not::cond Int), (var node1::m1 Int), (var node2::m2 Int), (var node3::m3 Int), (var init::tmp Int), (var check::tmp Int), (var assert::arg Int), (var init_ret Int), (var call_init_ret15 Int), (var main1::i2 Int), (var check_ret Int), (var call_check_ret20 Int), (var main1::c1 Int), (var call___VERIFIER_nondet_int_ret91 Int), (var call___VERIFIER_nondet_uchar_ret2 Int), (var call___VERIFIER_nondet_char_ret3 Int), (var call___VERIFIER_nondet_char_ret4 Int), (var call___VERIFIER_nondet_char_ret5 Int), (var call___VERIFIER_nondet_bool_ret6 Int), (var call___VERIFIER_nondet_char_ret7 Int), (var call___VERIFIER_nondet_char_ret8 Int), (var call___VERIFIER_nondet_char_ret9 Int), (var call___VERIFIER_nondet_bool_ret10 Int), (var call___VERIFIER_nondet_char_ret11 Int), (var call___VERIFIER_nondet_char_ret12 Int), (var call___VERIFIER_nondet_char_ret13 Int), (var call___VERIFIER_nondet_bool_ret14 Int)]
WARNING: There are some used variables not present as declarations: [(var call___assert_fail_ret0 Int)]
Arithmetic: [NONLIN_INT]
Frontend finished:   (in 6472 ms)
ParsingResult Success
Starting verification of UnnamedXcfa using PORTFOLIO
Using portfolio NONLIN_INT
Current configuration: XcfaConfig(inputConfig=InputConfig(inputFile=null, catFile=null, parseCtx=null, xcfaWCtx=present, propertyFile=null, property=ERROR_LOCATION, frontendConfig=FrontendConfig(lbeLevel=LBE_SEQ, loopUnroll=1000, forceUnroll=-1, inputType=C, specConfig=CFrontendConfig(arithmetic=efficient)), backendConfig=BackendConfig(backend=CEGAR, solverHome=/home/runner/work/theta/theta/Theta/solvers, timeoutMs=100000, inProcess=true, specConfig=CegarConfig(initPrec=EMPTY, porLevel=NOPOR, porRandomSeed=-1, coi=NO_COI, cexMonitor=CHECK, abstractorConfig=CegarAbstractorConfig(abstractionSolver=Z3, validateAbstractionSolver=false, domain=EXPL, maxEnum=1, search=ERR), refinerConfig=CegarRefinerConfig(refinementSolver=Z3, validateRefinementSolver=false, refinement=NWT_IT_WP, exprSplitter=WHOLE, pruneStrategy=FULL))), outputConfig=OutputConfig(versionInfo=false, enableOutput=false, resultFolder=., cOutputConfig=COutputConfig(disable=true, useArr=false, useExArr=false, useRange=false), xcfaOutputConfig=XcfaOutputConfig(disable=false), witnessConfig=WitnessConfig(disable=false, concretizerSolver=Z3, validateConcretizerSolver=false), argConfig=ArgConfig(disable=true)), debugConfig=DebugConfig(debug=false, stacktrace=false, logLevel=INFO, argdebug=false, argToFile=false))
Registered Legacy-Z3 SolverManager
Registered Z3 SolverManager
Registered JavaSMT SolverManager
Registered SMT-LIB SolverManager
Starting verification of UnnamedXcfa using CEGAR
server: Registered Legacy-Z3 SolverManager
server: Registered Z3 SolverManager
server: Registered JavaSMT SolverManager
server: Registered SMT-LIB SolverManager
server: Starting verification of UnnamedXcfa using CEGAR
server: Configuration: (CegarChecker (XcfaAbstractor (PriorityWaitlist XcfaDistToErrComparator)) (XcfaSingleExprTraceRefiner ExprTraceNewtonChecker XcfaPrecRefiner))
server: Iteration 1
server: | Checking abstraction...
server: |  |  (Re)initializing ARG...done
server: |  |  Starting ARG: 1 nodes, 1 incomplete, 0 unsafe
server: |  |  Building ARG...done
server: |  |  Finished ARG: 19 nodes, 8 incomplete, 1 unsafe
server: | Checking abstraction done, result: (AbstractorResult Unsafe)
server: | Refining abstraction...
server: |  |  Trace length: 10
server: |  |  Checking trace...done, result: (ExprTraceStatus Infeasible)
server: |  |  Pruning whole ARGdone
server: Refining abstraction done, result: (RefinerResult Spurious)
server: ! Precision DID change in this iteration
server: Iteration 2
server: | Checking abstraction...
server: |  |  (Re)initializing ARG...done
server: |  |  Starting ARG: 1 nodes, 1 incomplete, 0 unsafe
server: |  |  Building ARG...done
server: |  |  Finished ARG: 51 nodes, 8 incomplete, 1 unsafe
server: | Checking abstraction done, result: (AbstractorResult Unsafe)
server: | Refining abstraction...
server: |  |  Trace length: 25
server: |  |  Checking trace...done, result: (ExprTraceStatus Infeasible)
server: |  |  Pruning whole ARGdone
server: Refining abstraction done, result: (RefinerResult Spurious)
server: ! Precision DID change in this iteration
server: Iteration 3
server: | Checking abstraction...
server: |  |  (Re)initializing ARG...done
server: |  |  Starting ARG: 1 nodes, 1 incomplete, 0 unsafe
server: |  |  Building ARG...done
server: |  |  Finished ARG: 59 nodes, 8 incomplete, 1 unsafe
server: | Checking abstraction done, result: (AbstractorResult Unsafe)
server: | Refining abstraction...
server: |  |  Trace length: 28
server: |  |  Checking trace...done, result: (ExprTraceStatus Infeasible)
server: |  |  Pruning whole ARGdone
server: Refining abstraction done, result: (RefinerResult Spurious)
server: ! Precision DID change in this iteration
server: Iteration 4
server: | Checking abstraction...
server: |  |  (Re)initializing ARG...done
server: |  |  Starting ARG: 1 nodes, 1 incomplete, 0 unsafe
server: |  |  Building ARG...done
server: |  |  Finished ARG: 63 nodes, 7 incomplete, 1 unsafe
server: | Checking abstraction done, result: (AbstractorResult Unsafe)
server: | Refining abstraction...
server: |  |  Trace length: 29
server: |  |  Checking trace...done, result: (ExprTraceStatus Infeasible)
server: |  |  Pruning whole ARGdone
server: Refining abstraction done, result: (RefinerResult Spurious)
server: ! Precision DID change in this iteration
server: Iteration 5
server: | Checking abstraction...
server: |  |  (Re)initializing ARG...done
server: |  |  Starting ARG: 1 nodes, 1 incomplete, 0 unsafe
server: |  |  Building ARG...done
server: |  |  Finished ARG: 71 nodes, 6 incomplete, 1 unsafe
server: | Checking abstraction done, result: (AbstractorResult Unsafe)
server: | Refining abstraction...
server: |  |  Trace length: 30
server: |  |  Checking trace...done, result: (ExprTraceStatus Infeasible)
server: |  |  Pruning whole ARGdone
server: Refining abstraction done, result: (RefinerResult Spurious)
server: ! Precision DID change in this iteration
server: Iteration 6
server: | Checking abstraction...
server: |  |  (Re)initializing ARG...done
server: |  |  Starting ARG: 1 nodes, 1 incomplete, 0 unsafe
server: |  |  Building ARG...done
server: |  |  Finished ARG: 73 nodes, 5 incomplete, 1 unsafe
server: | Checking abstraction done, result: (AbstractorResult Unsafe)
server: | Refining abstraction...
server: |  |  Trace length: 30
server: |  |  Checking trace...done, result: (ExprTraceStatus Infeasible)
server: |  |  Pruning whole ARGdone
server: Refining abstraction done, result: (RefinerResult Spurious)
server: ! Precision DID change in this iteration
server: Iteration 7
server: | Checking abstraction...
server: |  |  (Re)initializing ARG...done
server: |  |  Starting ARG: 1 nodes, 1 incomplete, 0 unsafe
server: |  |  Building ARG...done
server: |  |  Finished ARG: 89 nodes, 7 incomplete, 1 unsafe
server: | Checking abstraction done, result: (AbstractorResult Unsafe)
server: | Refining abstraction...
server: |  |  Trace length: 39
server: |  |  Checking trace...done, result: (ExprTraceStatus Infeasible)
server: |  |  Pruning whole ARGdone
server: Refining abstraction done, result: (RefinerResult Spurious)
server: ! Precision DID change in this iteration
server: Iteration 8
server: | Checking abstraction...
server: |  |  (Re)initializing ARG...done
server: |  |  Starting ARG: 1 nodes, 1 incomplete, 0 unsafe
server: |  |  Building ARG...done
server: |  |  Finished ARG: 93 nodes, 6 incomplete, 1 unsafe
server: | Checking abstraction done, result: (AbstractorResult Unsafe)
server: | Refining abstraction...
server: |  |  Trace length: 41
server: |  |  Checking trace...done, result: (ExprTraceStatus Infeasible)
server: |  |  Pruning whole ARGdone
server: Refining abstraction done, result: (RefinerResult Spurious)
server: ! Precision DID change in this iteration
server: Iteration 9
server: | Checking abstraction...
server: |  |  (Re)initializing ARG...done
server: |  |  Starting ARG: 1 nodes, 1 incomplete, 0 unsafe
server: |  |  Building ARG...done
server: |  |  Finished ARG: 95 nodes, 6 incomplete, 1 unsafe
server: | Checking abstraction done, result: (AbstractorResult Unsafe)
server: | Refining abstraction...
server: |  |  Trace length: 41
server: |  |  Checking trace...done, result: (ExprTraceStatus Infeasible)
server: |  |  Pruning whole ARGdone
server: Refining abstraction done, result: (RefinerResult Spurious)
server: ! Precision did NOT change in this iteration
server: Iteration 10
server: | Checking abstraction...
server: |  |  (Re)initializing ARG...done
server: |  |  Starting ARG: 1 nodes, 1 incomplete, 0 unsafe
server: |  |  Building ARG...done
server: |  |  Finished ARG: 95 nodes, 6 incomplete, 1 unsafe
server: | Checking abstraction done, result: (AbstractorResult Unsafe)
server: Process failed! (hu.bme.mit.theta.analysis.runtimemonitor.CexMonitor.throwNotSolvable(CexMonitor.kt:62), hu.bme.mit.theta.common.exception.NotSolvableException: Task is not solvable with this configuration!)
ErrorCodeException(code=220)
	at hu.bme.mit.theta.xcfa.cli.checkers.InProcessChecker.check(InProcessChecker.kt:115)
	at hu.bme.mit.theta.xcfa.cli.ExecuteConfigKt$backend$result$1.invoke(ExecuteConfig.kt:192)
	at hu.bme.mit.theta.xcfa.cli.ExecuteConfigKt$backend$result$1.invoke(ExecuteConfig.kt:191)
	at hu.bme.mit.theta.xcfa.cli.params.ExitCodesKt.exitOnError(ExitCodes.kt:58)
	at hu.bme.mit.theta.xcfa.cli.ExecuteConfigKt.backend(ExecuteConfig.kt:191)
	at hu.bme.mit.theta.xcfa.cli.ExecuteConfigKt.runConfig(ExecuteConfig.kt:72)
	at hu.bme.mit.theta.xcfa.cli.portfolio.Complex24Kt$complexPortfolio24$checker$1.invoke(complex24.kt:42)
	at hu.bme.mit.theta.xcfa.cli.portfolio.Complex24Kt$complexPortfolio24$checker$1.invoke(complex24.kt:42)
	at hu.bme.mit.theta.xcfa.cli.portfolio.ConfigNode.execute(stm.kt:44)
	at hu.bme.mit.theta.xcfa.cli.portfolio.STM.execute(stm.kt:111)
	at hu.bme.mit.theta.xcfa.cli.portfolio.HierarchicalNode.execute(stm.kt:33)
	at hu.bme.mit.theta.xcfa.cli.portfolio.STM.execute(stm.kt:111)
	at hu.bme.mit.theta.xcfa.cli.checkers.ConfigToPortfolioKt.getPortfolioChecker$lambda-0(ConfigToPortfolio.kt:71)
	at hu.bme.mit.theta.analysis.algorithm.SafetyChecker.check(SafetyChecker.java:28)
	at hu.bme.mit.theta.xcfa.cli.ExecuteConfigKt$backend$result$1.invoke(ExecuteConfig.kt:192)
	at hu.bme.mit.theta.xcfa.cli.ExecuteConfigKt$backend$result$1.invoke(ExecuteConfig.kt:191)
	at hu.bme.mit.theta.xcfa.cli.params.ExitCodesKt.exitOnError(ExitCodes.kt:58)
	at hu.bme.mit.theta.xcfa.cli.ExecuteConfigKt.backend(ExecuteConfig.kt:191)
	at hu.bme.mit.theta.xcfa.cli.ExecuteConfigKt.runConfig(ExecuteConfig.kt:72)
	at hu.bme.mit.theta.xcfa.cli.XcfaCli.run(XcfaCli.kt:104)
	at hu.bme.mit.theta.xcfa.cli.XcfaCli.access$run(XcfaCli.kt:36)
	at hu.bme.mit.theta.xcfa.cli.XcfaCli$Companion.main(XcfaCli.kt:115)
	at hu.bme.mit.theta.xcfa.cli.XcfaCli.main(XcfaCli.kt)
Caught exception: ErrorCodeException(code=220)
Handling exception as TimeoutOrNotSolvableError
Current configuration: XcfaConfig(inputConfig=InputConfig(inputFile=null, catFile=null, parseCtx=null, xcfaWCtx=present, propertyFile=null, property=ERROR_LOCATION, frontendConfig=FrontendConfig(lbeLevel=LBE_SEQ, loopUnroll=1000, forceUnroll=-1, inputType=C, specConfig=CFrontendConfig(arithmetic=efficient)), backendConfig=BackendConfig(backend=CEGAR, solverHome=/home/runner/work/theta/theta/Theta/solvers, timeoutMs=100000, inProcess=true, specConfig=CegarConfig(initPrec=EMPTY, porLevel=NOPOR, porRandomSeed=-1, coi=NO_COI, cexMonitor=CHECK, abstractorConfig=CegarAbstractorConfig(abstractionSolver=Z3, validateAbstractionSolver=false, domain=EXPL, maxEnum=1, search=ERR), refinerConfig=CegarRefinerConfig(refinementSolver=Z3, validateRefinementSolver=false, refinement=SEQ_ITP, exprSplitter=WHOLE, pruneStrategy=FULL))), outputConfig=OutputConfig(versionInfo=false, enableOutput=false, resultFolder=., cOutputConfig=COutputConfig(disable=true, useArr=false, useExArr=false, useRange=false), xcfaOutputConfig=XcfaOutputConfig(disable=false), witnessConfig=WitnessConfig(disable=false, concretizerSolver=Z3, validateConcretizerSolver=false), argConfig=ArgConfig(disable=true)), debugConfig=DebugConfig(debug=false, stacktrace=false, logLevel=INFO, argdebug=false, argToFile=false))
Registered Legacy-Z3 SolverManager
Registered Z3 SolverManager
Registered JavaSMT SolverManager
Registered SMT-LIB SolverManager
Starting verification of UnnamedXcfa using CEGAR
server: Registered Legacy-Z3 SolverManager
server: Registered Z3 SolverManager
server: Registered JavaSMT SolverManager
server: Registered SMT-LIB SolverManager
server: Starting verification of UnnamedXcfa using CEGAR
server: Configuration: (CegarChecker (XcfaAbstractor (PriorityWaitlist XcfaDistToErrComparator)) (XcfaSingleExprTraceRefiner ExprTraceSeqItpChecker XcfaPrecRefiner))
server: Iteration 1
server: | Checking abstraction...
server: |  |  (Re)initializing ARG...done
server: |  |  Starting ARG: 1 nodes, 1 incomplete, 0 unsafe
server: |  |  Building ARG...done
server: |  |  Finished ARG: 19 nodes, 8 incomplete, 1 unsafe
server: | Checking abstraction done, result: (AbstractorResult Unsafe)
server: | Refining abstraction...
server: |  |  Trace length: 10
server: |  |  Checking trace...done, result: (ExprTraceStatus Infeasible)
server: |  |  Pruning whole ARGdone
server: Refining abstraction done, result: (RefinerResult Spurious)
server: ! Precision DID change in this iteration
server: Iteration 2
server: | Checking abstraction...
server: |  |  (Re)initializing ARG...done
server: |  |  Starting ARG: 1 nodes, 1 incomplete, 0 unsafe
server: |  |  Building ARG...done
server: |  |  Finished ARG: 51 nodes, 8 incomplete, 1 unsafe
server: | Checking abstraction done, result: (AbstractorResult Unsafe)
server: | Refining abstraction...
server: |  |  Trace length: 25
server: |  |  Checking trace...done, result: (ExprTraceStatus Infeasible)
server: |  |  Pruning whole ARGdone
server: Refining abstraction done, result: (RefinerResult Spurious)
server: ! Precision DID change in this iteration
server: Iteration 3
server: | Checking abstraction...
server: |  |  (Re)initializing ARG...done
server: |  |  Starting ARG: 1 nodes, 1 incomplete, 0 unsafe
server: |  |  Building ARG...done
server: |  |  Finished ARG: 59 nodes, 8 incomplete, 1 unsafe
server: | Checking abstraction done, result: (AbstractorResult Unsafe)
server: | Refining abstraction...
server: |  |  Trace length: 28
server: |  |  Checking trace...done, result: (ExprTraceStatus Infeasible)
server: |  |  Pruning whole ARGdone
server: Refining abstraction done, result: (RefinerResult Spurious)
server: ! Precision DID change in this iteration
server: Iteration 4
server: | Checking abstraction...
server: |  |  (Re)initializing ARG...done
server: |  |  Starting ARG: 1 nodes, 1 incomplete, 0 unsafe
server: |  |  Building ARG...done
server: |  |  Finished ARG: 63 nodes, 7 incomplete, 1 unsafe
server: | Checking abstraction done, result: (AbstractorResult Unsafe)
server: | Refining abstraction...
server: |  |  Trace length: 29
server: |  |  Checking trace...done, result: (ExprTraceStatus Infeasible)
server: |  |  Pruning whole ARGdone
server: Refining abstraction done, result: (RefinerResult Spurious)
server: ! Precision DID change in this iteration
server: Iteration 5
server: | Checking abstraction...
server: |  |  (Re)initializing ARG...done
server: |  |  Starting ARG: 1 nodes, 1 incomplete, 0 unsafe
server: |  |  Building ARG...done
server: |  |  Finished ARG: 71 nodes, 6 incomplete, 1 unsafe
server: | Checking abstraction done, result: (AbstractorResult Unsafe)
server: | Refining abstraction...
server: |  |  Trace length: 30
server: |  |  Checking trace...done, result: (ExprTraceStatus Infeasible)
server: |  |  Pruning whole ARGdone
server: Refining abstraction done, result: (RefinerResult Spurious)
server: ! Precision DID change in this iteration
server: Iteration 6
server: | Checking abstraction...
server: |  |  (Re)initializing ARG...done
server: |  |  Starting ARG: 1 nodes, 1 incomplete, 0 unsafe
server: |  |  Building ARG...done
server: |  |  Finished ARG: 73 nodes, 5 incomplete, 1 unsafe
server: | Checking abstraction done, result: (AbstractorResult Unsafe)
server: | Refining abstraction...
server: |  |  Trace length: 30
server: |  |  Checking trace...done, result: (ExprTraceStatus Infeasible)
server: |  |  Pruning whole ARGdone
server: Refining abstraction done, result: (RefinerResult Spurious)
server: ! Precision DID change in this iteration
server: Iteration 7
server: | Checking abstraction...
server: |  |  (Re)initializing ARG...done
server: |  |  Starting ARG: 1 nodes, 1 incomplete, 0 unsafe
server: |  |  Building ARG...done
server: |  |  Finished ARG: 89 nodes, 7 incomplete, 1 unsafe
server: | Checking abstraction done, result: (AbstractorResult Unsafe)
server: | Refining abstraction...
server: |  |  Trace length: 39
server: |  |  Checking trace...done, result: (ExprTraceStatus Infeasible)
server: |  |  Pruning whole ARGdone
server: Refining abstraction done, result: (RefinerResult Spurious)
server: ! Precision DID change in this iteration
server: Iteration 8
server: | Checking abstraction...
server: |  |  (Re)initializing ARG...done
server: |  |  Starting ARG: 1 nodes, 1 incomplete, 0 unsafe
server: |  |  Building ARG...done
server: |  |  Finished ARG: 93 nodes, 6 incomplete, 1 unsafe
server: | Checking abstraction done, result: (AbstractorResult Unsafe)
server: | Refining abstraction...
server: |  |  Trace length: 41
server: |  |  Checking trace...done, result: (ExprTraceStatus Infeasible)
server: |  |  Pruning whole ARGdone
server: Refining abstraction done, result: (RefinerResult Spurious)
server: ! Precision DID change in this iteration
server: Iteration 9
server: | Checking abstraction...
server: |  |  (Re)initializing ARG...done
server: |  |  Starting ARG: 1 nodes, 1 incomplete, 0 unsafe
server: |  |  Building ARG...done
server: |  |  Finished ARG: 95 nodes, 6 incomplete, 1 unsafe
server: | Checking abstraction done, result: (AbstractorResult Unsafe)
server: | Refining abstraction...
server: |  |  Trace length: 41
server: |  |  Checking trace...done, result: (ExprTraceStatus Infeasible)
server: |  |  Pruning whole ARGdone
server: Refining abstraction done, result: (RefinerResult Spurious)
server: ! Precision did NOT change in this iteration
server: Iteration 10
server: | Checking abstraction...
server: |  |  (Re)initializing ARG...done
server: |  |  Starting ARG: 1 nodes, 1 incomplete, 0 unsafe
server: |  |  Building ARG...done
server: |  |  Finished ARG: 95 nodes, 6 incomplete, 1 unsafe
server: | Checking abstraction done, result: (AbstractorResult Unsafe)
server: Process failed! (hu.bme.mit.theta.analysis.runtimemonitor.CexMonitor.throwNotSolvable(CexMonitor.kt:62), hu.bme.mit.theta.common.exception.NotSolvableException: Task is not solvable with this configuration!)
ErrorCodeException(code=220)
	at hu.bme.mit.theta.xcfa.cli.checkers.InProcessChecker.check(InProcessChecker.kt:115)
	at hu.bme.mit.theta.xcfa.cli.ExecuteConfigKt$backend$result$1.invoke(ExecuteConfig.kt:192)
	at hu.bme.mit.theta.xcfa.cli.ExecuteConfigKt$backend$result$1.invoke(ExecuteConfig.kt:191)
	at hu.bme.mit.theta.xcfa.cli.params.ExitCodesKt.exitOnError(ExitCodes.kt:58)
	at hu.bme.mit.theta.xcfa.cli.ExecuteConfigKt.backend(ExecuteConfig.kt:191)
	at hu.bme.mit.theta.xcfa.cli.ExecuteConfigKt.runConfig(ExecuteConfig.kt:72)
	at hu.bme.mit.theta.xcfa.cli.portfolio.Complex24Kt$complexPortfolio24$checker$1.invoke(complex24.kt:42)
	at hu.bme.mit.theta.xcfa.cli.portfolio.Complex24Kt$complexPortfolio24$checker$1.invoke(complex24.kt:42)
	at hu.bme.mit.theta.xcfa.cli.portfolio.ConfigNode.execute(stm.kt:44)
	at hu.bme.mit.theta.xcfa.cli.portfolio.STM.execute(stm.kt:111)
	at hu.bme.mit.theta.xcfa.cli.portfolio.HierarchicalNode.execute(stm.kt:33)
	at hu.bme.mit.theta.xcfa.cli.portfolio.STM.execute(stm.kt:111)
	at hu.bme.mit.theta.xcfa.cli.checkers.ConfigToPortfolioKt.getPortfolioChecker$lambda-0(ConfigToPortfolio.kt:71)
	at hu.bme.mit.theta.analysis.algorithm.SafetyChecker.check(SafetyChecker.java:28)
	at hu.bme.mit.theta.xcfa.cli.ExecuteConfigKt$backend$result$1.invoke(ExecuteConfig.kt:192)
	at hu.bme.mit.theta.xcfa.cli.ExecuteConfigKt$backend$result$1.invoke(ExecuteConfig.kt:191)
	at hu.bme.mit.theta.xcfa.cli.params.ExitCodesKt.exitOnError(ExitCodes.kt:58)
	at hu.bme.mit.theta.xcfa.cli.ExecuteConfigKt.backend(ExecuteConfig.kt:191)
	at hu.bme.mit.theta.xcfa.cli.ExecuteConfigKt.runConfig(ExecuteConfig.kt:72)
	at hu.bme.mit.theta.xcfa.cli.XcfaCli.run(XcfaCli.kt:104)
	at hu.bme.mit.theta.xcfa.cli.XcfaCli.access$run(XcfaCli.kt:36)
	at hu.bme.mit.theta.xcfa.cli.XcfaCli$Companion.main(XcfaCli.kt:115)
	at hu.bme.mit.theta.xcfa.cli.XcfaCli.main(XcfaCli.kt)
Caught exception: ErrorCodeException(code=220)
Handling exception as TimeoutOrNotSolvableError
Current configuration: XcfaConfig(inputConfig=InputConfig(inputFile=null, catFile=null, parseCtx=null, xcfaWCtx=present, propertyFile=null, property=ERROR_LOCATION, frontendConfig=FrontendConfig(lbeLevel=LBE_SEQ, loopUnroll=1000, forceUnroll=-1, inputType=C, specConfig=CFrontendConfig(arithmetic=efficient)), backendConfig=BackendConfig(backend=CEGAR, solverHome=/home/runner/work/theta/theta/Theta/solvers, timeoutMs=200000, inProcess=true, specConfig=CegarConfig(initPrec=EMPTY, porLevel=NOPOR, porRandomSeed=-1, coi=NO_COI, cexMonitor=CHECK, abstractorConfig=CegarAbstractorConfig(abstractionSolver=mathsat:5.6.10, validateAbstractionSolver=false, domain=EXPL, maxEnum=1, search=ERR), refinerConfig=CegarRefinerConfig(refinementSolver=mathsat:5.6.10, validateRefinementSolver=false, refinement=SEQ_ITP, exprSplitter=WHOLE, pruneStrategy=FULL))), outputConfig=OutputConfig(versionInfo=false, enableOutput=false, resultFolder=., cOutputConfig=COutputConfig(disable=true, useArr=false, useExArr=false, useRange=false), xcfaOutputConfig=XcfaOutputConfig(disable=false), witnessConfig=WitnessConfig(disable=false, concretizerSolver=Z3, validateConcretizerSolver=false), argConfig=ArgConfig(disable=true)), debugConfig=DebugConfig(debug=false, stacktrace=false, logLevel=INFO, argdebug=false, argToFile=false))
Registered Legacy-Z3 SolverManager
Registered Z3 SolverManager
Registered JavaSMT SolverManager
Registered SMT-LIB SolverManager
Starting verification of UnnamedXcfa using CEGAR
